<?xml version="1.0" encoding="UTF-8"?>
<testng-results skipped="0" failed="0" total="1" passed="1">
  <reporter-output>
  </reporter-output>
  <suite name="Command line suite" duration-ms="54" started-at="2016-02-22T23:59:53Z" finished-at="2016-02-22T23:59:53Z">
    <groups>
    </groups>
    <test name="Command line test" duration-ms="54" started-at="2016-02-22T23:59:53Z" finished-at="2016-02-22T23:59:53Z">
      <class name="com.lazerycode.selenium.maven_template.AppTest">
        <test-method status="PASS" signature="testApp()[pri:0, instance:testApp(com.lazerycode.selenium.maven_template.AppTest)]" name="testApp" duration-ms="2" started-at="2016-02-23T00:59:53Z" finished-at="2016-02-23T00:59:53Z">
          <reporter-output>
          </reporter-output>
        </test-method> <!-- testApp -->
      </class> <!-- com.lazerycode.selenium.maven_template.AppTest -->
    </test> <!-- Command line test -->
  </suite> <!-- Command line suite -->
</testng-results>
